[0.442s] Invoking command in '/home/antoniofaical/mirage_ws/src/mirage_yolo': DEBUGINFOD_URLS=https://debuginfod.ubuntu.com PS1=\[\e]0;\u@\h: \w\a\]${debian_chroot:+($debian_chroot)}\[\033[01;32m\]\u@\h\[\033[00m\]:\[\033[01;34m\]\w\[\033[00m\]\$ PYTHONPATH=/home/antoniofaical/mirage_ws/build/mirage_yolo/prefix_override:/usr/lib/python3/dist-packages/colcon_core/task/python/colcon_distutils_commands:/home/antoniofaical/mirage_ws/install/mirage_yolo/lib/python3.12/site-packages:${PYTHONPATH} VIRTUAL_ENV_PROMPT=(yolo_env) /usr/bin/python3 -W ignore:setup.py install is deprecated -W ignore:easy_install command is deprecated setup.py egg_info --egg-base ../../build/mirage_yolo build --build-base /home/antoniofaical/mirage_ws/build/mirage_yolo/build install --record /home/antoniofaical/mirage_ws/build/mirage_yolo/install.log --single-version-externally-managed install_data
[0.601s] running egg_info
[0.611s] writing ../../build/mirage_yolo/mirage_yolo.egg-info/PKG-INFO
[0.611s] writing dependency_links to ../../build/mirage_yolo/mirage_yolo.egg-info/dependency_links.txt
[0.611s] writing entry points to ../../build/mirage_yolo/mirage_yolo.egg-info/entry_points.txt
[0.611s] writing requirements to ../../build/mirage_yolo/mirage_yolo.egg-info/requires.txt
[0.611s] writing top-level names to ../../build/mirage_yolo/mirage_yolo.egg-info/top_level.txt
[0.631s] reading manifest file '../../build/mirage_yolo/mirage_yolo.egg-info/SOURCES.txt'
[0.632s] writing manifest file '../../build/mirage_yolo/mirage_yolo.egg-info/SOURCES.txt'
[0.632s] running build
[0.632s] running build_py
[0.632s] copying mirage_yolo/yolo_node.py -> /home/antoniofaical/mirage_ws/build/mirage_yolo/build/lib/mirage_yolo
[0.632s] running install
[0.636s] running install_lib
[0.646s] copying /home/antoniofaical/mirage_ws/build/mirage_yolo/build/lib/mirage_yolo/yolo_node.py -> /home/antoniofaical/mirage_ws/install/mirage_yolo/lib/python3.12/site-packages/mirage_yolo
[0.646s] byte-compiling /home/antoniofaical/mirage_ws/install/mirage_yolo/lib/python3.12/site-packages/mirage_yolo/yolo_node.py to yolo_node.cpython-312.pyc
[0.647s] running install_data
[0.647s] running install_egg_info
[0.657s] removing '/home/antoniofaical/mirage_ws/install/mirage_yolo/lib/python3.12/site-packages/mirage_yolo-0.0.0-py3.12.egg-info' (and everything under it)
[0.657s] Copying ../../build/mirage_yolo/mirage_yolo.egg-info to /home/antoniofaical/mirage_ws/install/mirage_yolo/lib/python3.12/site-packages/mirage_yolo-0.0.0-py3.12.egg-info
[0.658s] running install_scripts
[0.725s] Installing camera_node script to /home/antoniofaical/mirage_ws/install/mirage_yolo/lib/mirage_yolo
[0.725s] Installing detection_listener_node script to /home/antoniofaical/mirage_ws/install/mirage_yolo/lib/mirage_yolo
[0.725s] Installing yolo_node script to /home/antoniofaical/mirage_ws/install/mirage_yolo/lib/mirage_yolo
[0.725s] writing list of installed files to '/home/antoniofaical/mirage_ws/build/mirage_yolo/install.log'
[0.738s] Invoked command in '/home/antoniofaical/mirage_ws/src/mirage_yolo' returned '0': DEBUGINFOD_URLS=https://debuginfod.ubuntu.com PS1=\[\e]0;\u@\h: \w\a\]${debian_chroot:+($debian_chroot)}\[\033[01;32m\]\u@\h\[\033[00m\]:\[\033[01;34m\]\w\[\033[00m\]\$ PYTHONPATH=/home/antoniofaical/mirage_ws/build/mirage_yolo/prefix_override:/usr/lib/python3/dist-packages/colcon_core/task/python/colcon_distutils_commands:/home/antoniofaical/mirage_ws/install/mirage_yolo/lib/python3.12/site-packages:${PYTHONPATH} VIRTUAL_ENV_PROMPT=(yolo_env) /usr/bin/python3 -W ignore:setup.py install is deprecated -W ignore:easy_install command is deprecated setup.py egg_info --egg-base ../../build/mirage_yolo build --build-base /home/antoniofaical/mirage_ws/build/mirage_yolo/build install --record /home/antoniofaical/mirage_ws/build/mirage_yolo/install.log --single-version-externally-managed install_data
