[0.674s] Invoking command in '/home/antoniofaical/mirage_ws/src/yolo_pkg': DEBUGINFOD_URLS=https://debuginfod.ubuntu.com PYTHONPATH=/home/antoniofaical/mirage_ws/build/mirage_yolo/prefix_override:/usr/lib/python3/dist-packages/colcon_core/task/python/colcon_distutils_commands:/home/antoniofaical/mirage_ws/install/mirage_yolo/lib/python3.12/site-packages:${PYTHONPATH} /usr/bin/python3 -W ignore:setup.py install is deprecated -W ignore:easy_install command is deprecated setup.py egg_info --egg-base ../../build/mirage_yolo build --build-base /home/antoniofaical/mirage_ws/build/mirage_yolo/build install --record /home/antoniofaical/mirage_ws/build/mirage_yolo/install.log --single-version-externally-managed install_data
[0.824s] running egg_info
[0.824s] creating ../../build/mirage_yolo/yolo_pkg.egg-info
[0.834s] writing ../../build/mirage_yolo/yolo_pkg.egg-info/PKG-INFO
[0.834s] writing dependency_links to ../../build/mirage_yolo/yolo_pkg.egg-info/dependency_links.txt
[0.834s] writing entry points to ../../build/mirage_yolo/yolo_pkg.egg-info/entry_points.txt
[0.834s] writing requirements to ../../build/mirage_yolo/yolo_pkg.egg-info/requires.txt
[0.834s] writing top-level names to ../../build/mirage_yolo/yolo_pkg.egg-info/top_level.txt
[0.834s] writing manifest file '../../build/mirage_yolo/yolo_pkg.egg-info/SOURCES.txt'
[0.855s] reading manifest file '../../build/mirage_yolo/yolo_pkg.egg-info/SOURCES.txt'
[0.856s] writing manifest file '../../build/mirage_yolo/yolo_pkg.egg-info/SOURCES.txt'
[0.856s] running build
[0.856s] running build_py
[0.856s] creating /home/antoniofaical/mirage_ws/build/mirage_yolo/build/lib/yolo_pkg
[0.856s] copying yolo_pkg/camera_node.py -> /home/antoniofaical/mirage_ws/build/mirage_yolo/build/lib/yolo_pkg
[0.856s] copying yolo_pkg/__init__.py -> /home/antoniofaical/mirage_ws/build/mirage_yolo/build/lib/yolo_pkg
[0.856s] copying yolo_pkg/yolo_listener_node.py -> /home/antoniofaical/mirage_ws/build/mirage_yolo/build/lib/yolo_pkg
[0.856s] copying yolo_pkg/yolo_visualizer_node.py -> /home/antoniofaical/mirage_ws/build/mirage_yolo/build/lib/yolo_pkg
[0.856s] copying yolo_pkg/yolo_node.py -> /home/antoniofaical/mirage_ws/build/mirage_yolo/build/lib/yolo_pkg
[0.856s] running install
[0.860s] running install_lib
[0.871s] creating /home/antoniofaical/mirage_ws/install/mirage_yolo/lib/python3.12/site-packages/yolo_pkg
[0.871s] copying /home/antoniofaical/mirage_ws/build/mirage_yolo/build/lib/yolo_pkg/camera_node.py -> /home/antoniofaical/mirage_ws/install/mirage_yolo/lib/python3.12/site-packages/yolo_pkg
[0.871s] copying /home/antoniofaical/mirage_ws/build/mirage_yolo/build/lib/yolo_pkg/__init__.py -> /home/antoniofaical/mirage_ws/install/mirage_yolo/lib/python3.12/site-packages/yolo_pkg
[0.871s] copying /home/antoniofaical/mirage_ws/build/mirage_yolo/build/lib/yolo_pkg/yolo_listener_node.py -> /home/antoniofaical/mirage_ws/install/mirage_yolo/lib/python3.12/site-packages/yolo_pkg
[0.871s] copying /home/antoniofaical/mirage_ws/build/mirage_yolo/build/lib/yolo_pkg/yolo_visualizer_node.py -> /home/antoniofaical/mirage_ws/install/mirage_yolo/lib/python3.12/site-packages/yolo_pkg
[0.871s] copying /home/antoniofaical/mirage_ws/build/mirage_yolo/build/lib/yolo_pkg/yolo_node.py -> /home/antoniofaical/mirage_ws/install/mirage_yolo/lib/python3.12/site-packages/yolo_pkg
[0.871s] byte-compiling /home/antoniofaical/mirage_ws/install/mirage_yolo/lib/python3.12/site-packages/yolo_pkg/camera_node.py to camera_node.cpython-312.pyc
[0.872s] byte-compiling /home/antoniofaical/mirage_ws/install/mirage_yolo/lib/python3.12/site-packages/yolo_pkg/__init__.py to __init__.cpython-312.pyc
[0.872s] byte-compiling /home/antoniofaical/mirage_ws/install/mirage_yolo/lib/python3.12/site-packages/yolo_pkg/yolo_listener_node.py to yolo_listener_node.cpython-312.pyc
[0.872s] byte-compiling /home/antoniofaical/mirage_ws/install/mirage_yolo/lib/python3.12/site-packages/yolo_pkg/yolo_visualizer_node.py to yolo_visualizer_node.cpython-312.pyc
[0.872s] byte-compiling /home/antoniofaical/mirage_ws/install/mirage_yolo/lib/python3.12/site-packages/yolo_pkg/yolo_node.py to yolo_node.cpython-312.pyc
[0.873s] running install_data
[0.873s] copying resource/yolo_pkg -> /home/antoniofaical/mirage_ws/install/mirage_yolo/share/ament_index/resource_index/packages
[0.873s] creating /home/antoniofaical/mirage_ws/install/mirage_yolo/share/yolo_pkg
[0.873s] copying package.xml -> /home/antoniofaical/mirage_ws/install/mirage_yolo/share/yolo_pkg
[0.873s] running install_egg_info
[0.884s] Copying ../../build/mirage_yolo/yolo_pkg.egg-info to /home/antoniofaical/mirage_ws/install/mirage_yolo/lib/python3.12/site-packages/yolo_pkg-0.0.0-py3.12.egg-info
[0.885s] running install_scripts
[0.954s] Installing camera_node script to /home/antoniofaical/mirage_ws/install/mirage_yolo/lib/yolo_pkg
[0.954s] Installing yolo_listener script to /home/antoniofaical/mirage_ws/install/mirage_yolo/lib/yolo_pkg
[0.954s] Installing yolo_node script to /home/antoniofaical/mirage_ws/install/mirage_yolo/lib/yolo_pkg
[0.954s] Installing yolo_visualizer script to /home/antoniofaical/mirage_ws/install/mirage_yolo/lib/yolo_pkg
[0.954s] writing list of installed files to '/home/antoniofaical/mirage_ws/build/mirage_yolo/install.log'
[0.969s] Invoked command in '/home/antoniofaical/mirage_ws/src/yolo_pkg' returned '0': DEBUGINFOD_URLS=https://debuginfod.ubuntu.com PYTHONPATH=/home/antoniofaical/mirage_ws/build/mirage_yolo/prefix_override:/usr/lib/python3/dist-packages/colcon_core/task/python/colcon_distutils_commands:/home/antoniofaical/mirage_ws/install/mirage_yolo/lib/python3.12/site-packages:${PYTHONPATH} /usr/bin/python3 -W ignore:setup.py install is deprecated -W ignore:easy_install command is deprecated setup.py egg_info --egg-base ../../build/mirage_yolo build --build-base /home/antoniofaical/mirage_ws/build/mirage_yolo/build install --record /home/antoniofaical/mirage_ws/build/mirage_yolo/install.log --single-version-externally-managed install_data
