running egg_info
creating ../../build/yolo_pkg/yolo_pkg.egg-info
writing ../../build/yolo_pkg/yolo_pkg.egg-info/PKG-INFO
writing dependency_links to ../../build/yolo_pkg/yolo_pkg.egg-info/dependency_links.txt
writing entry points to ../../build/yolo_pkg/yolo_pkg.egg-info/entry_points.txt
writing requirements to ../../build/yolo_pkg/yolo_pkg.egg-info/requires.txt
writing top-level names to ../../build/yolo_pkg/yolo_pkg.egg-info/top_level.txt
writing manifest file '../../build/yolo_pkg/yolo_pkg.egg-info/SOURCES.txt'
reading manifest file '../../build/yolo_pkg/yolo_pkg.egg-info/SOURCES.txt'
writing manifest file '../../build/yolo_pkg/yolo_pkg.egg-info/SOURCES.txt'
running build
running build_py
creating /home/antoniofaical/mirage_ws/build/yolo_pkg/build
creating /home/antoniofaical/mirage_ws/build/yolo_pkg/build/lib
creating /home/antoniofaical/mirage_ws/build/yolo_pkg/build/lib/yolo_pkg
copying yolo_pkg/camera_node.py -> /home/antoniofaical/mirage_ws/build/yolo_pkg/build/lib/yolo_pkg
copying yolo_pkg/__init__.py -> /home/antoniofaical/mirage_ws/build/yolo_pkg/build/lib/yolo_pkg
copying yolo_pkg/yolo_listener_node.py -> /home/antoniofaical/mirage_ws/build/yolo_pkg/build/lib/yolo_pkg
copying yolo_pkg/yolo_visualizer_node.py -> /home/antoniofaical/mirage_ws/build/yolo_pkg/build/lib/yolo_pkg
copying yolo_pkg/yolo_node.py -> /home/antoniofaical/mirage_ws/build/yolo_pkg/build/lib/yolo_pkg
running install
running install_lib
creating /home/antoniofaical/mirage_ws/install/yolo_pkg/lib/python3.12/site-packages/yolo_pkg
copying /home/antoniofaical/mirage_ws/build/yolo_pkg/build/lib/yolo_pkg/camera_node.py -> /home/antoniofaical/mirage_ws/install/yolo_pkg/lib/python3.12/site-packages/yolo_pkg
copying /home/antoniofaical/mirage_ws/build/yolo_pkg/build/lib/yolo_pkg/__init__.py -> /home/antoniofaical/mirage_ws/install/yolo_pkg/lib/python3.12/site-packages/yolo_pkg
copying /home/antoniofaical/mirage_ws/build/yolo_pkg/build/lib/yolo_pkg/yolo_listener_node.py -> /home/antoniofaical/mirage_ws/install/yolo_pkg/lib/python3.12/site-packages/yolo_pkg
copying /home/antoniofaical/mirage_ws/build/yolo_pkg/build/lib/yolo_pkg/yolo_visualizer_node.py -> /home/antoniofaical/mirage_ws/install/yolo_pkg/lib/python3.12/site-packages/yolo_pkg
copying /home/antoniofaical/mirage_ws/build/yolo_pkg/build/lib/yolo_pkg/yolo_node.py -> /home/antoniofaical/mirage_ws/install/yolo_pkg/lib/python3.12/site-packages/yolo_pkg
byte-compiling /home/antoniofaical/mirage_ws/install/yolo_pkg/lib/python3.12/site-packages/yolo_pkg/camera_node.py to camera_node.cpython-312.pyc
byte-compiling /home/antoniofaical/mirage_ws/install/yolo_pkg/lib/python3.12/site-packages/yolo_pkg/__init__.py to __init__.cpython-312.pyc
byte-compiling /home/antoniofaical/mirage_ws/install/yolo_pkg/lib/python3.12/site-packages/yolo_pkg/yolo_listener_node.py to yolo_listener_node.cpython-312.pyc
byte-compiling /home/antoniofaical/mirage_ws/install/yolo_pkg/lib/python3.12/site-packages/yolo_pkg/yolo_visualizer_node.py to yolo_visualizer_node.cpython-312.pyc
byte-compiling /home/antoniofaical/mirage_ws/install/yolo_pkg/lib/python3.12/site-packages/yolo_pkg/yolo_node.py to yolo_node.cpython-312.pyc
running install_data
creating /home/antoniofaical/mirage_ws/install/yolo_pkg/share/ament_index
creating /home/antoniofaical/mirage_ws/install/yolo_pkg/share/ament_index/resource_index
creating /home/antoniofaical/mirage_ws/install/yolo_pkg/share/ament_index/resource_index/packages
copying resource/yolo_pkg -> /home/antoniofaical/mirage_ws/install/yolo_pkg/share/ament_index/resource_index/packages
copying package.xml -> /home/antoniofaical/mirage_ws/install/yolo_pkg/share/yolo_pkg
running install_egg_info
Copying ../../build/yolo_pkg/yolo_pkg.egg-info to /home/antoniofaical/mirage_ws/install/yolo_pkg/lib/python3.12/site-packages/yolo_pkg-0.0.0-py3.12.egg-info
running install_scripts
Installing camera_node script to /home/antoniofaical/mirage_ws/install/yolo_pkg/lib/yolo_pkg
Installing yolo_listener script to /home/antoniofaical/mirage_ws/install/yolo_pkg/lib/yolo_pkg
Installing yolo_node script to /home/antoniofaical/mirage_ws/install/yolo_pkg/lib/yolo_pkg
Installing yolo_visualizer script to /home/antoniofaical/mirage_ws/install/yolo_pkg/lib/yolo_pkg
writing list of installed files to '/home/antoniofaical/mirage_ws/build/yolo_pkg/install.log'
