[0.644s] Invoking command in '/home/antoniofaical/mirage_ws/src/yolo_pkg': DEBUGINFOD_URLS=https://debuginfod.ubuntu.com PYTHONPATH=/home/antoniofaical/mirage_ws/build/mirage_yolo/prefix_override:/usr/lib/python3/dist-packages/colcon_core/task/python/colcon_distutils_commands:/home/antoniofaical/mirage_ws/install/mirage_yolo/lib/python3.12/site-packages:${PYTHONPATH} /usr/bin/python3 -W ignore:setup.py install is deprecated -W ignore:easy_install command is deprecated setup.py egg_info --egg-base ../../build/mirage_yolo build --build-base /home/antoniofaical/mirage_ws/build/mirage_yolo/build install --record /home/antoniofaical/mirage_ws/build/mirage_yolo/install.log --single-version-externally-managed install_data
[0.789s] running egg_info
[0.799s] writing ../../build/mirage_yolo/yolo_pkg.egg-info/PKG-INFO
[0.799s] writing dependency_links to ../../build/mirage_yolo/yolo_pkg.egg-info/dependency_links.txt
[0.799s] writing entry points to ../../build/mirage_yolo/yolo_pkg.egg-info/entry_points.txt
[0.800s] writing requirements to ../../build/mirage_yolo/yolo_pkg.egg-info/requires.txt
[0.800s] writing top-level names to ../../build/mirage_yolo/yolo_pkg.egg-info/top_level.txt
[0.820s] reading manifest file '../../build/mirage_yolo/yolo_pkg.egg-info/SOURCES.txt'
[0.821s] writing manifest file '../../build/mirage_yolo/yolo_pkg.egg-info/SOURCES.txt'
[0.821s] running build
[0.821s] running build_py
[0.821s] running install
[0.825s] running install_lib
[0.836s] running install_data
[0.836s] running install_egg_info
[0.847s] removing '/home/antoniofaical/mirage_ws/install/mirage_yolo/lib/python3.12/site-packages/yolo_pkg-0.0.0-py3.12.egg-info' (and everything under it)
[0.847s] Copying ../../build/mirage_yolo/yolo_pkg.egg-info to /home/antoniofaical/mirage_ws/install/mirage_yolo/lib/python3.12/site-packages/yolo_pkg-0.0.0-py3.12.egg-info
[0.847s] running install_scripts
[0.917s] Installing camera_node script to /home/antoniofaical/mirage_ws/install/mirage_yolo/lib/yolo_pkg
[0.917s] Installing yolo_listener script to /home/antoniofaical/mirage_ws/install/mirage_yolo/lib/yolo_pkg
[0.917s] Installing yolo_node script to /home/antoniofaical/mirage_ws/install/mirage_yolo/lib/yolo_pkg
[0.917s] Installing yolo_visualizer script to /home/antoniofaical/mirage_ws/install/mirage_yolo/lib/yolo_pkg
[0.917s] writing list of installed files to '/home/antoniofaical/mirage_ws/build/mirage_yolo/install.log'
[0.936s] Invoked command in '/home/antoniofaical/mirage_ws/src/yolo_pkg' returned '0': DEBUGINFOD_URLS=https://debuginfod.ubuntu.com PYTHONPATH=/home/antoniofaical/mirage_ws/build/mirage_yolo/prefix_override:/usr/lib/python3/dist-packages/colcon_core/task/python/colcon_distutils_commands:/home/antoniofaical/mirage_ws/install/mirage_yolo/lib/python3.12/site-packages:${PYTHONPATH} /usr/bin/python3 -W ignore:setup.py install is deprecated -W ignore:easy_install command is deprecated setup.py egg_info --egg-base ../../build/mirage_yolo build --build-base /home/antoniofaical/mirage_ws/build/mirage_yolo/build install --record /home/antoniofaical/mirage_ws/build/mirage_yolo/install.log --single-version-externally-managed install_data
