[0.058s] DEBUG:colcon:Command line arguments: ['/usr/bin/colcon', 'build']
[0.058s] DEBUG:colcon:Parsed command line arguments: Namespace(log_base=None, log_level=None, verb_name='build', build_base='build', install_base='install', merge_install=False, symlink_install=False, test_result_base=None, continue_on_error=False, executor='parallel', parallel_workers=32, event_handlers=None, ignore_user_meta=False, metas=['./colcon.meta'], base_paths=['.'], packages_ignore=None, packages_ignore_regex=None, paths=None, packages_up_to=None, packages_up_to_regex=None, packages_above=None, packages_above_and_dependencies=None, packages_above_depth=None, packages_select_by_dep=None, packages_skip_by_dep=None, packages_skip_up_to=None, packages_select_build_failed=False, packages_skip_build_finished=False, packages_select_test_failures=False, packages_skip_test_passed=False, packages_select=None, packages_skip=None, packages_select_regex=None, packages_skip_regex=None, packages_start=None, packages_end=None, allow_overriding=[], cmake_args=None, cmake_target=None, cmake_target_skip_unavailable=False, cmake_clean_cache=False, cmake_clean_first=False, cmake_force_configure=False, ament_cmake_args=None, catkin_cmake_args=None, catkin_skip_building_tests=False, mixin_files=None, mixin=None, verb_parser=<colcon_mixin.mixin.mixin_argument.MixinArgumentDecorator object at 0x7cda696905f0>, verb_extension=<colcon_core.verb.build.BuildVerb object at 0x7cda69690320>, main=<bound method BuildVerb.main of <colcon_core.verb.build.BuildVerb object at 0x7cda69690320>>, mixin_verb=('build',))
[0.079s] Level 1:colcon.colcon_core.package_discovery:discover_packages(colcon_meta) check parameters
[0.079s] Level 1:colcon.colcon_core.package_discovery:discover_packages(recursive) check parameters
[0.079s] Level 1:colcon.colcon_core.package_discovery:discover_packages(ignore) check parameters
[0.079s] Level 1:colcon.colcon_core.package_discovery:discover_packages(path) check parameters
[0.079s] Level 1:colcon.colcon_core.package_discovery:discover_packages(colcon_meta) discover
[0.079s] Level 1:colcon.colcon_core.package_discovery:discover_packages(recursive) discover
[0.079s] INFO:colcon.colcon_core.package_discovery:Crawling recursively for packages in '/home/antoniofaical/mirage_ws'
[0.079s] Level 1:colcon.colcon_core.package_identification:_identify(.) by extensions ['ignore', 'ignore_ament_install']
[0.079s] Level 1:colcon.colcon_core.package_identification:_identify(.) by extension 'ignore'
[0.079s] Level 1:colcon.colcon_core.package_identification:_identify(.) by extension 'ignore_ament_install'
[0.079s] Level 1:colcon.colcon_core.package_identification:_identify(.) by extensions ['colcon_pkg']
[0.079s] Level 1:colcon.colcon_core.package_identification:_identify(.) by extension 'colcon_pkg'
[0.079s] Level 1:colcon.colcon_core.package_identification:_identify(.) by extensions ['colcon_meta']
[0.079s] Level 1:colcon.colcon_core.package_identification:_identify(.) by extension 'colcon_meta'
[0.079s] Level 1:colcon.colcon_core.package_identification:_identify(.) by extensions ['ros']
[0.079s] Level 1:colcon.colcon_core.package_identification:_identify(.) by extension 'ros'
[0.094s] Level 1:colcon.colcon_core.package_identification:_identify(.) by extensions ['cmake', 'python']
[0.094s] Level 1:colcon.colcon_core.package_identification:_identify(.) by extension 'cmake'
[0.094s] Level 1:colcon.colcon_core.package_identification:_identify(.) by extension 'python'
[0.095s] Level 1:colcon.colcon_core.package_identification:_identify(.) by extensions ['python_setup_py']
[0.095s] Level 1:colcon.colcon_core.package_identification:_identify(.) by extension 'python_setup_py'
[0.095s] Level 1:colcon.colcon_core.package_identification:_identify(build) by extensions ['ignore', 'ignore_ament_install']
[0.095s] Level 1:colcon.colcon_core.package_identification:_identify(build) by extension 'ignore'
[0.095s] Level 1:colcon.colcon_core.package_identification:_identify(build) ignored
[0.095s] Level 1:colcon.colcon_core.package_identification:_identify(install) by extensions ['ignore', 'ignore_ament_install']
[0.095s] Level 1:colcon.colcon_core.package_identification:_identify(install) by extension 'ignore'
[0.095s] Level 1:colcon.colcon_core.package_identification:_identify(install) ignored
[0.095s] Level 1:colcon.colcon_core.package_identification:_identify(log) by extensions ['ignore', 'ignore_ament_install']
[0.095s] Level 1:colcon.colcon_core.package_identification:_identify(log) by extension 'ignore'
[0.095s] Level 1:colcon.colcon_core.package_identification:_identify(log) ignored
[0.095s] Level 1:colcon.colcon_core.package_identification:_identify(src) by extensions ['ignore', 'ignore_ament_install']
[0.095s] Level 1:colcon.colcon_core.package_identification:_identify(src) by extension 'ignore'
[0.095s] Level 1:colcon.colcon_core.package_identification:_identify(src) by extension 'ignore_ament_install'
[0.095s] Level 1:colcon.colcon_core.package_identification:_identify(src) by extensions ['colcon_pkg']
[0.095s] Level 1:colcon.colcon_core.package_identification:_identify(src) by extension 'colcon_pkg'
[0.095s] Level 1:colcon.colcon_core.package_identification:_identify(src) by extensions ['colcon_meta']
[0.095s] Level 1:colcon.colcon_core.package_identification:_identify(src) by extension 'colcon_meta'
[0.095s] Level 1:colcon.colcon_core.package_identification:_identify(src) by extensions ['ros']
[0.095s] Level 1:colcon.colcon_core.package_identification:_identify(src) by extension 'ros'
[0.095s] Level 1:colcon.colcon_core.package_identification:_identify(src) by extensions ['cmake', 'python']
[0.095s] Level 1:colcon.colcon_core.package_identification:_identify(src) by extension 'cmake'
[0.095s] Level 1:colcon.colcon_core.package_identification:_identify(src) by extension 'python'
[0.095s] Level 1:colcon.colcon_core.package_identification:_identify(src) by extensions ['python_setup_py']
[0.095s] Level 1:colcon.colcon_core.package_identification:_identify(src) by extension 'python_setup_py'
[0.095s] Level 1:colcon.colcon_core.package_identification:_identify(src/mirage_yolo) by extensions ['ignore', 'ignore_ament_install']
[0.095s] Level 1:colcon.colcon_core.package_identification:_identify(src/mirage_yolo) by extension 'ignore'
[0.095s] Level 1:colcon.colcon_core.package_identification:_identify(src/mirage_yolo) by extension 'ignore_ament_install'
[0.095s] Level 1:colcon.colcon_core.package_identification:_identify(src/mirage_yolo) by extensions ['colcon_pkg']
[0.095s] Level 1:colcon.colcon_core.package_identification:_identify(src/mirage_yolo) by extension 'colcon_pkg'
[0.095s] Level 1:colcon.colcon_core.package_identification:_identify(src/mirage_yolo) by extensions ['colcon_meta']
[0.095s] Level 1:colcon.colcon_core.package_identification:_identify(src/mirage_yolo) by extension 'colcon_meta'
[0.095s] Level 1:colcon.colcon_core.package_identification:_identify(src/mirage_yolo) by extensions ['ros']
[0.095s] Level 1:colcon.colcon_core.package_identification:_identify(src/mirage_yolo) by extension 'ros'
[0.097s] DEBUG:colcon.colcon_core.package_identification:Found ROS schema reference in package manifest in 'src/mirage_yolo'
[0.097s] WARNING:colcon.colcon_core.package_identification:Failed to parse ROS package manifest in 'src/mirage_yolo': Error(s) in package 'src/mirage_yolo/package.xml':
Error(s):
- The generic dependency on 'rclpy' is redundant with: exec_depend
- The generic dependency on 'sensor_msgs' is redundant with: exec_depend
- The generic dependency on 'cv_bridge' is redundant with: exec_depend
[0.097s] Level 1:colcon.colcon_core.package_identification:_identify(src/mirage_yolo) by extensions ['cmake', 'python']
[0.097s] Level 1:colcon.colcon_core.package_identification:_identify(src/mirage_yolo) by extension 'cmake'
[0.097s] Level 1:colcon.colcon_core.package_identification:_identify(src/mirage_yolo) by extension 'python'
[0.097s] DEBUG:colcon.colcon_core.package_identification:Python package in 'src/mirage_yolo' passes arguments to the setup() function which requires a different identification extension than 'python'
[0.097s] Level 1:colcon.colcon_core.package_identification:_identify(src/mirage_yolo) by extensions ['python_setup_py']
[0.097s] Level 1:colcon.colcon_core.package_identification:_identify(src/mirage_yolo) by extension 'python_setup_py'
[0.212s] DEBUG:colcon.colcon_core.package_identification:Package 'src/mirage_yolo' with type 'python' and name 'mirage_yolo'
[0.212s] Level 1:colcon.colcon_core.package_discovery:discover_packages(recursive) using defaults
[0.212s] Level 1:colcon.colcon_core.package_discovery:discover_packages(ignore) discover
[0.212s] Level 1:colcon.colcon_core.package_discovery:discover_packages(ignore) using defaults
[0.212s] Level 1:colcon.colcon_core.package_discovery:discover_packages(path) discover
[0.212s] Level 1:colcon.colcon_core.package_discovery:discover_packages(path) using defaults
[0.222s] Level 1:colcon.colcon_core.package_discovery:discover_packages(prefix_path) check parameters
[0.222s] Level 1:colcon.colcon_core.package_discovery:discover_packages(prefix_path) discover
[0.223s] DEBUG:colcon.colcon_installed_package_information.package_discovery:Found 1 installed packages in /home/antoniofaical/mirage_ws/install
[0.224s] DEBUG:colcon.colcon_installed_package_information.package_discovery:Found 285 installed packages in /opt/ros/jazzy
[0.225s] Level 1:colcon.colcon_core.package_discovery:discover_packages(prefix_path) using defaults
[0.245s] Level 5:colcon.colcon_core.verb:set package 'mirage_yolo' build argument 'cmake_args' from command line to 'None'
[0.245s] Level 5:colcon.colcon_core.verb:set package 'mirage_yolo' build argument 'cmake_target' from command line to 'None'
[0.245s] Level 5:colcon.colcon_core.verb:set package 'mirage_yolo' build argument 'cmake_target_skip_unavailable' from command line to 'False'
[0.245s] Level 5:colcon.colcon_core.verb:set package 'mirage_yolo' build argument 'cmake_clean_cache' from command line to 'False'
[0.245s] Level 5:colcon.colcon_core.verb:set package 'mirage_yolo' build argument 'cmake_clean_first' from command line to 'False'
[0.245s] Level 5:colcon.colcon_core.verb:set package 'mirage_yolo' build argument 'cmake_force_configure' from command line to 'False'
[0.245s] Level 5:colcon.colcon_core.verb:set package 'mirage_yolo' build argument 'ament_cmake_args' from command line to 'None'
[0.245s] Level 5:colcon.colcon_core.verb:set package 'mirage_yolo' build argument 'catkin_cmake_args' from command line to 'None'
[0.245s] Level 5:colcon.colcon_core.verb:set package 'mirage_yolo' build argument 'catkin_skip_building_tests' from command line to 'False'
[0.245s] DEBUG:colcon.colcon_core.verb:Building package 'mirage_yolo' with the following arguments: {'ament_cmake_args': None, 'build_base': '/home/antoniofaical/mirage_ws/build/mirage_yolo', 'catkin_cmake_args': None, 'catkin_skip_building_tests': False, 'cmake_args': None, 'cmake_clean_cache': False, 'cmake_clean_first': False, 'cmake_force_configure': False, 'cmake_target': None, 'cmake_target_skip_unavailable': False, 'install_base': '/home/antoniofaical/mirage_ws/install/mirage_yolo', 'merge_install': False, 'path': '/home/antoniofaical/mirage_ws/src/mirage_yolo', 'symlink_install': False, 'test_result_base': None}
[0.245s] INFO:colcon.colcon_core.executor:Executing jobs using 'parallel' executor
[0.246s] DEBUG:colcon.colcon_parallel_executor.executor.parallel:run_until_complete
[0.246s] INFO:colcon.colcon_core.task.python.build:Building Python package in '/home/antoniofaical/mirage_ws/src/mirage_yolo'
[0.247s] INFO:colcon.colcon_core.plugin_system:Skipping extension 'colcon_core.shell.bat': Not used on non-Windows systems
[0.247s] INFO:colcon.colcon_core.shell:Skip shell extension 'powershell' for command environment: Not usable outside of PowerShell
[0.247s] DEBUG:colcon.colcon_core.shell:Skip shell extension 'dsv' for command environment
[0.694s] DEBUG:colcon.colcon_core.event_handler.log_command:Invoking command in '/home/antoniofaical/mirage_ws/src/mirage_yolo': DEBUGINFOD_URLS=https://debuginfod.ubuntu.com PS1=\[\e]0;\u@\h: \w\a\]${debian_chroot:+($debian_chroot)}\[\033[01;32m\]\u@\h\[\033[00m\]:\[\033[01;34m\]\w\[\033[00m\]\$ PYTHONPATH=/home/antoniofaical/mirage_ws/build/mirage_yolo/prefix_override:/usr/lib/python3/dist-packages/colcon_core/task/python/colcon_distutils_commands:/home/antoniofaical/mirage_ws/install/mirage_yolo/lib/python3.12/site-packages:${PYTHONPATH} VIRTUAL_ENV_PROMPT=(yolo_env) /usr/bin/python3 -W ignore:setup.py install is deprecated -W ignore:easy_install command is deprecated setup.py egg_info --egg-base ../../build/mirage_yolo build --build-base /home/antoniofaical/mirage_ws/build/mirage_yolo/build install --record /home/antoniofaical/mirage_ws/build/mirage_yolo/install.log --single-version-externally-managed install_data
[0.972s] DEBUG:colcon.colcon_core.event_handler.log_command:Invoked command in '/home/antoniofaical/mirage_ws/src/mirage_yolo' returned '0': DEBUGINFOD_URLS=https://debuginfod.ubuntu.com PS1=\[\e]0;\u@\h: \w\a\]${debian_chroot:+($debian_chroot)}\[\033[01;32m\]\u@\h\[\033[00m\]:\[\033[01;34m\]\w\[\033[00m\]\$ PYTHONPATH=/home/antoniofaical/mirage_ws/build/mirage_yolo/prefix_override:/usr/lib/python3/dist-packages/colcon_core/task/python/colcon_distutils_commands:/home/antoniofaical/mirage_ws/install/mirage_yolo/lib/python3.12/site-packages:${PYTHONPATH} VIRTUAL_ENV_PROMPT=(yolo_env) /usr/bin/python3 -W ignore:setup.py install is deprecated -W ignore:easy_install command is deprecated setup.py egg_info --egg-base ../../build/mirage_yolo build --build-base /home/antoniofaical/mirage_ws/build/mirage_yolo/build install --record /home/antoniofaical/mirage_ws/build/mirage_yolo/install.log --single-version-externally-managed install_data
[0.973s] Level 1:colcon.colcon_core.environment:checking '/home/antoniofaical/mirage_ws/install/mirage_yolo' for CMake module files
[0.973s] Level 1:colcon.colcon_core.environment:checking '/home/antoniofaical/mirage_ws/install/mirage_yolo' for CMake config files
[0.973s] Level 1:colcon.colcon_core.environment:checking '/home/antoniofaical/mirage_ws/install/mirage_yolo/lib'
[0.973s] Level 1:colcon.colcon_core.environment:checking '/home/antoniofaical/mirage_ws/install/mirage_yolo/bin'
[0.973s] Level 1:colcon.colcon_core.environment:checking '/home/antoniofaical/mirage_ws/install/mirage_yolo/lib/pkgconfig/mirage_yolo.pc'
[0.973s] Level 1:colcon.colcon_core.environment:checking '/home/antoniofaical/mirage_ws/install/mirage_yolo/lib/python3.12/site-packages'
[0.973s] Level 1:colcon.colcon_core.shell:create_environment_hook('mirage_yolo', 'pythonpath')
[0.974s] INFO:colcon.colcon_core.shell:Creating environment hook '/home/antoniofaical/mirage_ws/install/mirage_yolo/share/mirage_yolo/hook/pythonpath.ps1'
[0.974s] INFO:colcon.colcon_core.shell:Creating environment descriptor '/home/antoniofaical/mirage_ws/install/mirage_yolo/share/mirage_yolo/hook/pythonpath.dsv'
[0.974s] INFO:colcon.colcon_core.shell:Creating environment hook '/home/antoniofaical/mirage_ws/install/mirage_yolo/share/mirage_yolo/hook/pythonpath.sh'
[0.974s] Level 1:colcon.colcon_core.environment:checking '/home/antoniofaical/mirage_ws/install/mirage_yolo/bin'
[0.974s] Level 1:colcon.colcon_core.environment:create_environment_scripts_only(mirage_yolo)
[0.975s] INFO:colcon.colcon_core.shell:Creating package script '/home/antoniofaical/mirage_ws/install/mirage_yolo/share/mirage_yolo/package.ps1'
[0.975s] INFO:colcon.colcon_core.shell:Creating package descriptor '/home/antoniofaical/mirage_ws/install/mirage_yolo/share/mirage_yolo/package.dsv'
[0.975s] INFO:colcon.colcon_core.shell:Creating package script '/home/antoniofaical/mirage_ws/install/mirage_yolo/share/mirage_yolo/package.sh'
[0.975s] INFO:colcon.colcon_core.shell:Creating package script '/home/antoniofaical/mirage_ws/install/mirage_yolo/share/mirage_yolo/package.bash'
[0.976s] INFO:colcon.colcon_core.shell:Creating package script '/home/antoniofaical/mirage_ws/install/mirage_yolo/share/mirage_yolo/package.zsh'
[0.976s] Level 1:colcon.colcon_core.environment:create_file_with_runtime_dependencies(/home/antoniofaical/mirage_ws/install/mirage_yolo/share/colcon-core/packages/mirage_yolo)
[0.976s] DEBUG:colcon.colcon_parallel_executor.executor.parallel:closing loop
[0.976s] DEBUG:colcon.colcon_parallel_executor.executor.parallel:loop closed
[0.976s] DEBUG:colcon.colcon_parallel_executor.executor.parallel:run_until_complete finished with '0'
[0.976s] DEBUG:colcon.colcon_core.event_reactor:joining thread
[0.979s] INFO:colcon.colcon_core.plugin_system:Skipping extension 'colcon_notification.desktop_notification.terminal_notifier': Not used on non-Darwin systems
[0.979s] INFO:colcon.colcon_core.plugin_system:Skipping extension 'colcon_notification.desktop_notification.win32': Not used on non-Windows systems
[0.979s] INFO:colcon.colcon_notification.desktop_notification:Sending desktop notification using 'notify2'
[0.988s] DEBUG:colcon.colcon_core.event_reactor:joined thread
[0.988s] INFO:colcon.colcon_core.shell:Creating prefix script '/home/antoniofaical/mirage_ws/install/local_setup.ps1'
[0.989s] INFO:colcon.colcon_core.shell:Creating prefix util module '/home/antoniofaical/mirage_ws/install/_local_setup_util_ps1.py'
[0.989s] INFO:colcon.colcon_core.shell:Creating prefix chain script '/home/antoniofaical/mirage_ws/install/setup.ps1'
[0.990s] INFO:colcon.colcon_core.shell:Creating prefix script '/home/antoniofaical/mirage_ws/install/local_setup.sh'
[0.990s] INFO:colcon.colcon_core.shell:Creating prefix util module '/home/antoniofaical/mirage_ws/install/_local_setup_util_sh.py'
[0.990s] INFO:colcon.colcon_core.shell:Creating prefix chain script '/home/antoniofaical/mirage_ws/install/setup.sh'
[0.990s] INFO:colcon.colcon_core.shell:Creating prefix script '/home/antoniofaical/mirage_ws/install/local_setup.bash'
[0.991s] INFO:colcon.colcon_core.shell:Creating prefix chain script '/home/antoniofaical/mirage_ws/install/setup.bash'
[0.991s] INFO:colcon.colcon_core.shell:Creating prefix script '/home/antoniofaical/mirage_ws/install/local_setup.zsh'
[0.991s] INFO:colcon.colcon_core.shell:Creating prefix chain script '/home/antoniofaical/mirage_ws/install/setup.zsh'
