/home/antoniofaical/mirage_ws/install/yolo_pkg/lib/python3.12/site-packages/yolo_pkg/camera_node.py
/home/antoniofaical/mirage_ws/install/yolo_pkg/lib/python3.12/site-packages/yolo_pkg/__init__.py
/home/antoniofaical/mirage_ws/install/yolo_pkg/lib/python3.12/site-packages/yolo_pkg/yolo_listener_node.py
/home/antoniofaical/mirage_ws/install/yolo_pkg/lib/python3.12/site-packages/yolo_pkg/yolo_visualizer_node.py
/home/antoniofaical/mirage_ws/install/yolo_pkg/lib/python3.12/site-packages/yolo_pkg/yolo_node.py
/home/antoniofaical/mirage_ws/install/yolo_pkg/lib/python3.12/site-packages/yolo_pkg/__pycache__/camera_node.cpython-312.pyc
/home/antoniofaical/mirage_ws/install/yolo_pkg/lib/python3.12/site-packages/yolo_pkg/__pycache__/__init__.cpython-312.pyc
/home/antoniofaical/mirage_ws/install/yolo_pkg/lib/python3.12/site-packages/yolo_pkg/__pycache__/yolo_listener_node.cpython-312.pyc
/home/antoniofaical/mirage_ws/install/yolo_pkg/lib/python3.12/site-packages/yolo_pkg/__pycache__/yolo_visualizer_node.cpython-312.pyc
/home/antoniofaical/mirage_ws/install/yolo_pkg/lib/python3.12/site-packages/yolo_pkg/__pycache__/yolo_node.cpython-312.pyc
/home/antoniofaical/mirage_ws/install/yolo_pkg/share/ament_index/resource_index/packages/yolo_pkg
/home/antoniofaical/mirage_ws/install/yolo_pkg/share/yolo_pkg/package.xml
/home/antoniofaical/mirage_ws/install/yolo_pkg/lib/python3.12/site-packages/yolo_pkg-0.0.0-py3.12.egg-info/zip-safe
/home/antoniofaical/mirage_ws/install/yolo_pkg/lib/python3.12/site-packages/yolo_pkg-0.0.0-py3.12.egg-info/top_level.txt
/home/antoniofaical/mirage_ws/install/yolo_pkg/lib/python3.12/site-packages/yolo_pkg-0.0.0-py3.12.egg-info/SOURCES.txt
/home/antoniofaical/mirage_ws/install/yolo_pkg/lib/python3.12/site-packages/yolo_pkg-0.0.0-py3.12.egg-info/entry_points.txt
/home/antoniofaical/mirage_ws/install/yolo_pkg/lib/python3.12/site-packages/yolo_pkg-0.0.0-py3.12.egg-info/requires.txt
/home/antoniofaical/mirage_ws/install/yolo_pkg/lib/python3.12/site-packages/yolo_pkg-0.0.0-py3.12.egg-info/PKG-INFO
/home/antoniofaical/mirage_ws/install/yolo_pkg/lib/python3.12/site-packages/yolo_pkg-0.0.0-py3.12.egg-info/dependency_links.txt
/home/antoniofaical/mirage_ws/install/yolo_pkg/lib/yolo_pkg/camera_node
/home/antoniofaical/mirage_ws/install/yolo_pkg/lib/yolo_pkg/yolo_listener
/home/antoniofaical/mirage_ws/install/yolo_pkg/lib/yolo_pkg/yolo_node
/home/antoniofaical/mirage_ws/install/yolo_pkg/lib/yolo_pkg/yolo_visualizer
