[0.054s] DEBUG:colcon:Command line arguments: ['/usr/bin/colcon', 'build']
[0.054s] DEBUG:colcon:Parsed command line arguments: Namespace(log_base=None, log_level=None, verb_name='build', build_base='build', install_base='install', merge_install=False, symlink_install=False, test_result_base=None, continue_on_error=False, executor='parallel', parallel_workers=32, event_handlers=None, ignore_user_meta=False, metas=['./colcon.meta'], base_paths=['.'], packages_ignore=None, packages_ignore_regex=None, paths=None, packages_up_to=None, packages_up_to_regex=None, packages_above=None, packages_above_and_dependencies=None, packages_above_depth=None, packages_select_by_dep=None, packages_skip_by_dep=None, packages_skip_up_to=None, packages_select_build_failed=False, packages_skip_build_finished=False, packages_select_test_failures=False, packages_skip_test_passed=False, packages_select=None, packages_skip=None, packages_select_regex=None, packages_skip_regex=None, packages_start=None, packages_end=None, allow_overriding=[], cmake_args=None, cmake_target=None, cmake_target_skip_unavailable=False, cmake_clean_cache=False, cmake_clean_first=False, cmake_force_configure=False, ament_cmake_args=None, catkin_cmake_args=None, catkin_skip_building_tests=False, mixin_files=None, mixin=None, verb_parser=<colcon_mixin.mixin.mixin_argument.MixinArgumentDecorator object at 0x7ed0892a8ef0>, verb_extension=<colcon_core.verb.build.BuildVerb object at 0x7ed0892a8c20>, main=<bound method BuildVerb.main of <colcon_core.verb.build.BuildVerb object at 0x7ed0892a8c20>>, mixin_verb=('build',))
[0.076s] Level 1:colcon.colcon_core.package_discovery:discover_packages(colcon_meta) check parameters
[0.076s] Level 1:colcon.colcon_core.package_discovery:discover_packages(recursive) check parameters
[0.076s] Level 1:colcon.colcon_core.package_discovery:discover_packages(ignore) check parameters
[0.076s] Level 1:colcon.colcon_core.package_discovery:discover_packages(path) check parameters
[0.076s] Level 1:colcon.colcon_core.package_discovery:discover_packages(colcon_meta) discover
[0.076s] Level 1:colcon.colcon_core.package_discovery:discover_packages(recursive) discover
[0.076s] INFO:colcon.colcon_core.package_discovery:Crawling recursively for packages in '/home/antoniofaical/mirage_ws'
[0.076s] Level 1:colcon.colcon_core.package_identification:_identify(.) by extensions ['ignore', 'ignore_ament_install']
[0.076s] Level 1:colcon.colcon_core.package_identification:_identify(.) by extension 'ignore'
[0.076s] Level 1:colcon.colcon_core.package_identification:_identify(.) by extension 'ignore_ament_install'
[0.076s] Level 1:colcon.colcon_core.package_identification:_identify(.) by extensions ['colcon_pkg']
[0.076s] Level 1:colcon.colcon_core.package_identification:_identify(.) by extension 'colcon_pkg'
[0.076s] Level 1:colcon.colcon_core.package_identification:_identify(.) by extensions ['colcon_meta']
[0.076s] Level 1:colcon.colcon_core.package_identification:_identify(.) by extension 'colcon_meta'
[0.076s] Level 1:colcon.colcon_core.package_identification:_identify(.) by extensions ['ros']
[0.076s] Level 1:colcon.colcon_core.package_identification:_identify(.) by extension 'ros'
[0.091s] Level 1:colcon.colcon_core.package_identification:_identify(.) by extensions ['cmake', 'python']
[0.091s] Level 1:colcon.colcon_core.package_identification:_identify(.) by extension 'cmake'
[0.091s] Level 1:colcon.colcon_core.package_identification:_identify(.) by extension 'python'
[0.091s] Level 1:colcon.colcon_core.package_identification:_identify(.) by extensions ['python_setup_py']
[0.091s] Level 1:colcon.colcon_core.package_identification:_identify(.) by extension 'python_setup_py'
[0.092s] Level 1:colcon.colcon_core.package_identification:_identify(build) by extensions ['ignore', 'ignore_ament_install']
[0.092s] Level 1:colcon.colcon_core.package_identification:_identify(build) by extension 'ignore'
[0.092s] Level 1:colcon.colcon_core.package_identification:_identify(build) ignored
[0.092s] Level 1:colcon.colcon_core.package_identification:_identify(install) by extensions ['ignore', 'ignore_ament_install']
[0.092s] Level 1:colcon.colcon_core.package_identification:_identify(install) by extension 'ignore'
[0.092s] Level 1:colcon.colcon_core.package_identification:_identify(install) ignored
[0.092s] Level 1:colcon.colcon_core.package_identification:_identify(log) by extensions ['ignore', 'ignore_ament_install']
[0.092s] Level 1:colcon.colcon_core.package_identification:_identify(log) by extension 'ignore'
[0.092s] Level 1:colcon.colcon_core.package_identification:_identify(log) ignored
[0.092s] Level 1:colcon.colcon_core.package_identification:_identify(src) by extensions ['ignore', 'ignore_ament_install']
[0.092s] Level 1:colcon.colcon_core.package_identification:_identify(src) by extension 'ignore'
[0.092s] Level 1:colcon.colcon_core.package_identification:_identify(src) by extension 'ignore_ament_install'
[0.092s] Level 1:colcon.colcon_core.package_identification:_identify(src) by extensions ['colcon_pkg']
[0.092s] Level 1:colcon.colcon_core.package_identification:_identify(src) by extension 'colcon_pkg'
[0.092s] Level 1:colcon.colcon_core.package_identification:_identify(src) by extensions ['colcon_meta']
[0.092s] Level 1:colcon.colcon_core.package_identification:_identify(src) by extension 'colcon_meta'
[0.092s] Level 1:colcon.colcon_core.package_identification:_identify(src) by extensions ['ros']
[0.092s] Level 1:colcon.colcon_core.package_identification:_identify(src) by extension 'ros'
[0.092s] Level 1:colcon.colcon_core.package_identification:_identify(src) by extensions ['cmake', 'python']
[0.092s] Level 1:colcon.colcon_core.package_identification:_identify(src) by extension 'cmake'
[0.092s] Level 1:colcon.colcon_core.package_identification:_identify(src) by extension 'python'
[0.092s] Level 1:colcon.colcon_core.package_identification:_identify(src) by extensions ['python_setup_py']
[0.092s] Level 1:colcon.colcon_core.package_identification:_identify(src) by extension 'python_setup_py'
[0.092s] Level 1:colcon.colcon_core.package_identification:_identify(src/apriltags_pkg) by extensions ['ignore', 'ignore_ament_install']
[0.092s] Level 1:colcon.colcon_core.package_identification:_identify(src/apriltags_pkg) by extension 'ignore'
[0.092s] Level 1:colcon.colcon_core.package_identification:_identify(src/apriltags_pkg) by extension 'ignore_ament_install'
[0.092s] Level 1:colcon.colcon_core.package_identification:_identify(src/apriltags_pkg) by extensions ['colcon_pkg']
[0.092s] Level 1:colcon.colcon_core.package_identification:_identify(src/apriltags_pkg) by extension 'colcon_pkg'
[0.092s] Level 1:colcon.colcon_core.package_identification:_identify(src/apriltags_pkg) by extensions ['colcon_meta']
[0.092s] Level 1:colcon.colcon_core.package_identification:_identify(src/apriltags_pkg) by extension 'colcon_meta'
[0.092s] Level 1:colcon.colcon_core.package_identification:_identify(src/apriltags_pkg) by extensions ['ros']
[0.092s] Level 1:colcon.colcon_core.package_identification:_identify(src/apriltags_pkg) by extension 'ros'
[0.094s] DEBUG:colcon.colcon_core.package_identification:Package 'src/apriltags_pkg' with type 'ros.ament_python' and name 'apriltags_pkg'
[0.094s] Level 1:colcon.colcon_core.package_identification:_identify(src/movement_test_pkg) by extensions ['ignore', 'ignore_ament_install']
[0.094s] Level 1:colcon.colcon_core.package_identification:_identify(src/movement_test_pkg) by extension 'ignore'
[0.094s] Level 1:colcon.colcon_core.package_identification:_identify(src/movement_test_pkg) by extension 'ignore_ament_install'
[0.094s] Level 1:colcon.colcon_core.package_identification:_identify(src/movement_test_pkg) by extensions ['colcon_pkg']
[0.094s] Level 1:colcon.colcon_core.package_identification:_identify(src/movement_test_pkg) by extension 'colcon_pkg'
[0.094s] Level 1:colcon.colcon_core.package_identification:_identify(src/movement_test_pkg) by extensions ['colcon_meta']
[0.094s] Level 1:colcon.colcon_core.package_identification:_identify(src/movement_test_pkg) by extension 'colcon_meta'
[0.094s] Level 1:colcon.colcon_core.package_identification:_identify(src/movement_test_pkg) by extensions ['ros']
[0.094s] Level 1:colcon.colcon_core.package_identification:_identify(src/movement_test_pkg) by extension 'ros'
[0.094s] DEBUG:colcon.colcon_core.package_identification:Package 'src/movement_test_pkg' with type 'ros.ament_python' and name 'movement_test_pkg'
[0.094s] Level 1:colcon.colcon_core.package_identification:_identify(src/yolo_pkg) by extensions ['ignore', 'ignore_ament_install']
[0.095s] Level 1:colcon.colcon_core.package_identification:_identify(src/yolo_pkg) by extension 'ignore'
[0.095s] Level 1:colcon.colcon_core.package_identification:_identify(src/yolo_pkg) by extension 'ignore_ament_install'
[0.095s] Level 1:colcon.colcon_core.package_identification:_identify(src/yolo_pkg) by extensions ['colcon_pkg']
[0.095s] Level 1:colcon.colcon_core.package_identification:_identify(src/yolo_pkg) by extension 'colcon_pkg'
[0.095s] Level 1:colcon.colcon_core.package_identification:_identify(src/yolo_pkg) by extensions ['colcon_meta']
[0.095s] Level 1:colcon.colcon_core.package_identification:_identify(src/yolo_pkg) by extension 'colcon_meta'
[0.095s] Level 1:colcon.colcon_core.package_identification:_identify(src/yolo_pkg) by extensions ['ros']
[0.095s] Level 1:colcon.colcon_core.package_identification:_identify(src/yolo_pkg) by extension 'ros'
[0.095s] DEBUG:colcon.colcon_core.package_identification:Package 'src/yolo_pkg' with type 'ros.ament_python' and name 'mirage_yolo'
[0.095s] Level 1:colcon.colcon_core.package_discovery:discover_packages(recursive) using defaults
[0.095s] Level 1:colcon.colcon_core.package_discovery:discover_packages(ignore) discover
[0.095s] Level 1:colcon.colcon_core.package_discovery:discover_packages(ignore) using defaults
[0.095s] Level 1:colcon.colcon_core.package_discovery:discover_packages(path) discover
[0.095s] Level 1:colcon.colcon_core.package_discovery:discover_packages(path) using defaults
[0.105s] Level 1:colcon.colcon_core.package_discovery:discover_packages(prefix_path) check parameters
[0.105s] Level 1:colcon.colcon_core.package_discovery:discover_packages(prefix_path) discover
[0.106s] DEBUG:colcon.colcon_installed_package_information.package_discovery:Found 3 installed packages in /home/antoniofaical/mirage_ws/install
[0.107s] DEBUG:colcon.colcon_installed_package_information.package_discovery:Found 285 installed packages in /opt/ros/jazzy
[0.108s] Level 1:colcon.colcon_core.package_discovery:discover_packages(prefix_path) using defaults
[0.129s] Level 5:colcon.colcon_core.verb:set package 'apriltags_pkg' build argument 'cmake_args' from command line to 'None'
[0.129s] Level 5:colcon.colcon_core.verb:set package 'apriltags_pkg' build argument 'cmake_target' from command line to 'None'
[0.129s] Level 5:colcon.colcon_core.verb:set package 'apriltags_pkg' build argument 'cmake_target_skip_unavailable' from command line to 'False'
[0.129s] Level 5:colcon.colcon_core.verb:set package 'apriltags_pkg' build argument 'cmake_clean_cache' from command line to 'False'
[0.129s] Level 5:colcon.colcon_core.verb:set package 'apriltags_pkg' build argument 'cmake_clean_first' from command line to 'False'
[0.129s] Level 5:colcon.colcon_core.verb:set package 'apriltags_pkg' build argument 'cmake_force_configure' from command line to 'False'
[0.129s] Level 5:colcon.colcon_core.verb:set package 'apriltags_pkg' build argument 'ament_cmake_args' from command line to 'None'
[0.129s] Level 5:colcon.colcon_core.verb:set package 'apriltags_pkg' build argument 'catkin_cmake_args' from command line to 'None'
[0.129s] Level 5:colcon.colcon_core.verb:set package 'apriltags_pkg' build argument 'catkin_skip_building_tests' from command line to 'False'
[0.129s] DEBUG:colcon.colcon_core.verb:Building package 'apriltags_pkg' with the following arguments: {'ament_cmake_args': None, 'build_base': '/home/antoniofaical/mirage_ws/build/apriltags_pkg', 'catkin_cmake_args': None, 'catkin_skip_building_tests': False, 'cmake_args': None, 'cmake_clean_cache': False, 'cmake_clean_first': False, 'cmake_force_configure': False, 'cmake_target': None, 'cmake_target_skip_unavailable': False, 'install_base': '/home/antoniofaical/mirage_ws/install/apriltags_pkg', 'merge_install': False, 'path': '/home/antoniofaical/mirage_ws/src/apriltags_pkg', 'symlink_install': False, 'test_result_base': None}
[0.129s] Level 5:colcon.colcon_core.verb:set package 'mirage_yolo' build argument 'cmake_args' from command line to 'None'
[0.129s] Level 5:colcon.colcon_core.verb:set package 'mirage_yolo' build argument 'cmake_target' from command line to 'None'
[0.130s] Level 5:colcon.colcon_core.verb:set package 'mirage_yolo' build argument 'cmake_target_skip_unavailable' from command line to 'False'
[0.130s] Level 5:colcon.colcon_core.verb:set package 'mirage_yolo' build argument 'cmake_clean_cache' from command line to 'False'
[0.130s] Level 5:colcon.colcon_core.verb:set package 'mirage_yolo' build argument 'cmake_clean_first' from command line to 'False'
[0.130s] Level 5:colcon.colcon_core.verb:set package 'mirage_yolo' build argument 'cmake_force_configure' from command line to 'False'
[0.130s] Level 5:colcon.colcon_core.verb:set package 'mirage_yolo' build argument 'ament_cmake_args' from command line to 'None'
[0.130s] Level 5:colcon.colcon_core.verb:set package 'mirage_yolo' build argument 'catkin_cmake_args' from command line to 'None'
[0.130s] Level 5:colcon.colcon_core.verb:set package 'mirage_yolo' build argument 'catkin_skip_building_tests' from command line to 'False'
[0.130s] DEBUG:colcon.colcon_core.verb:Building package 'mirage_yolo' with the following arguments: {'ament_cmake_args': None, 'build_base': '/home/antoniofaical/mirage_ws/build/mirage_yolo', 'catkin_cmake_args': None, 'catkin_skip_building_tests': False, 'cmake_args': None, 'cmake_clean_cache': False, 'cmake_clean_first': False, 'cmake_force_configure': False, 'cmake_target': None, 'cmake_target_skip_unavailable': False, 'install_base': '/home/antoniofaical/mirage_ws/install/mirage_yolo', 'merge_install': False, 'path': '/home/antoniofaical/mirage_ws/src/yolo_pkg', 'symlink_install': False, 'test_result_base': None}
[0.130s] Level 5:colcon.colcon_core.verb:set package 'movement_test_pkg' build argument 'cmake_args' from command line to 'None'
[0.130s] Level 5:colcon.colcon_core.verb:set package 'movement_test_pkg' build argument 'cmake_target' from command line to 'None'
[0.130s] Level 5:colcon.colcon_core.verb:set package 'movement_test_pkg' build argument 'cmake_target_skip_unavailable' from command line to 'False'
[0.130s] Level 5:colcon.colcon_core.verb:set package 'movement_test_pkg' build argument 'cmake_clean_cache' from command line to 'False'
[0.130s] Level 5:colcon.colcon_core.verb:set package 'movement_test_pkg' build argument 'cmake_clean_first' from command line to 'False'
[0.130s] Level 5:colcon.colcon_core.verb:set package 'movement_test_pkg' build argument 'cmake_force_configure' from command line to 'False'
[0.130s] Level 5:colcon.colcon_core.verb:set package 'movement_test_pkg' build argument 'ament_cmake_args' from command line to 'None'
[0.130s] Level 5:colcon.colcon_core.verb:set package 'movement_test_pkg' build argument 'catkin_cmake_args' from command line to 'None'
[0.130s] Level 5:colcon.colcon_core.verb:set package 'movement_test_pkg' build argument 'catkin_skip_building_tests' from command line to 'False'
[0.130s] DEBUG:colcon.colcon_core.verb:Building package 'movement_test_pkg' with the following arguments: {'ament_cmake_args': None, 'build_base': '/home/antoniofaical/mirage_ws/build/movement_test_pkg', 'catkin_cmake_args': None, 'catkin_skip_building_tests': False, 'cmake_args': None, 'cmake_clean_cache': False, 'cmake_clean_first': False, 'cmake_force_configure': False, 'cmake_target': None, 'cmake_target_skip_unavailable': False, 'install_base': '/home/antoniofaical/mirage_ws/install/movement_test_pkg', 'merge_install': False, 'path': '/home/antoniofaical/mirage_ws/src/movement_test_pkg', 'symlink_install': False, 'test_result_base': None}
[0.130s] INFO:colcon.colcon_core.executor:Executing jobs using 'parallel' executor
[0.131s] DEBUG:colcon.colcon_parallel_executor.executor.parallel:run_until_complete
[0.131s] INFO:colcon.colcon_ros.task.ament_python.build:Building ROS package in '/home/antoniofaical/mirage_ws/src/apriltags_pkg' with build type 'ament_python'
[0.131s] Level 1:colcon.colcon_core.shell:create_environment_hook('apriltags_pkg', 'ament_prefix_path')
[0.132s] INFO:colcon.colcon_core.plugin_system:Skipping extension 'colcon_core.shell.bat': Not used on non-Windows systems
[0.132s] INFO:colcon.colcon_core.shell:Creating environment hook '/home/antoniofaical/mirage_ws/install/apriltags_pkg/share/apriltags_pkg/hook/ament_prefix_path.ps1'
[0.133s] INFO:colcon.colcon_core.shell:Creating environment descriptor '/home/antoniofaical/mirage_ws/install/apriltags_pkg/share/apriltags_pkg/hook/ament_prefix_path.dsv'
[0.133s] INFO:colcon.colcon_core.shell:Creating environment hook '/home/antoniofaical/mirage_ws/install/apriltags_pkg/share/apriltags_pkg/hook/ament_prefix_path.sh'
[0.133s] INFO:colcon.colcon_core.shell:Skip shell extension 'powershell' for command environment: Not usable outside of PowerShell
[0.133s] DEBUG:colcon.colcon_core.shell:Skip shell extension 'dsv' for command environment
[0.135s] INFO:colcon.colcon_ros.task.ament_python.build:Building ROS package in '/home/antoniofaical/mirage_ws/src/yolo_pkg' with build type 'ament_python'
[0.135s] Level 1:colcon.colcon_core.shell:create_environment_hook('mirage_yolo', 'ament_prefix_path')
[0.135s] INFO:colcon.colcon_core.shell:Creating environment hook '/home/antoniofaical/mirage_ws/install/mirage_yolo/share/mirage_yolo/hook/ament_prefix_path.ps1'
[0.136s] INFO:colcon.colcon_core.shell:Creating environment descriptor '/home/antoniofaical/mirage_ws/install/mirage_yolo/share/mirage_yolo/hook/ament_prefix_path.dsv'
[0.136s] INFO:colcon.colcon_core.shell:Creating environment hook '/home/antoniofaical/mirage_ws/install/mirage_yolo/share/mirage_yolo/hook/ament_prefix_path.sh'
[0.136s] INFO:colcon.colcon_core.shell:Skip shell extension 'powershell' for command environment: Not usable outside of PowerShell
[0.136s] DEBUG:colcon.colcon_core.shell:Skip shell extension 'dsv' for command environment
[0.138s] INFO:colcon.colcon_ros.task.ament_python.build:Building ROS package in '/home/antoniofaical/mirage_ws/src/movement_test_pkg' with build type 'ament_python'
[0.138s] Level 1:colcon.colcon_core.shell:create_environment_hook('movement_test_pkg', 'ament_prefix_path')
[0.138s] INFO:colcon.colcon_core.shell:Creating environment hook '/home/antoniofaical/mirage_ws/install/movement_test_pkg/share/movement_test_pkg/hook/ament_prefix_path.ps1'
[0.138s] INFO:colcon.colcon_core.shell:Creating environment descriptor '/home/antoniofaical/mirage_ws/install/movement_test_pkg/share/movement_test_pkg/hook/ament_prefix_path.dsv'
[0.138s] INFO:colcon.colcon_core.shell:Creating environment hook '/home/antoniofaical/mirage_ws/install/movement_test_pkg/share/movement_test_pkg/hook/ament_prefix_path.sh'
[0.138s] INFO:colcon.colcon_core.shell:Skip shell extension 'powershell' for command environment: Not usable outside of PowerShell
[0.138s] DEBUG:colcon.colcon_core.shell:Skip shell extension 'dsv' for command environment
[0.249s] INFO:colcon.colcon_core.task.python.build:Building Python package in '/home/antoniofaical/mirage_ws/src/apriltags_pkg'
[0.249s] INFO:colcon.colcon_core.shell:Skip shell extension 'powershell' for command environment: Not usable outside of PowerShell
[0.249s] DEBUG:colcon.colcon_core.shell:Skip shell extension 'dsv' for command environment
[0.357s] WARNING:colcon.colcon_ros.task.ament_python.build:Package 'mirage_yolo' doesn't explicitly install a marker in the package index (colcon-ros currently does it implicitly but that fallback will be removed in the future)
[0.357s] WARNING:colcon.colcon_ros.task.ament_python.build:Package 'mirage_yolo' doesn't explicitly install the 'package.xml' file (colcon-ros currently does it implicitly but that fallback will be removed in the future)
[0.357s] INFO:colcon.colcon_core.task.python.build:Building Python package in '/home/antoniofaical/mirage_ws/src/yolo_pkg'
[0.357s] INFO:colcon.colcon_core.shell:Skip shell extension 'powershell' for command environment: Not usable outside of PowerShell
[0.357s] DEBUG:colcon.colcon_core.shell:Skip shell extension 'dsv' for command environment
[0.468s] INFO:colcon.colcon_core.task.python.build:Building Python package in '/home/antoniofaical/mirage_ws/src/movement_test_pkg'
[0.468s] INFO:colcon.colcon_core.shell:Skip shell extension 'powershell' for command environment: Not usable outside of PowerShell
[0.468s] DEBUG:colcon.colcon_core.shell:Skip shell extension 'dsv' for command environment
[0.772s] DEBUG:colcon.colcon_core.event_handler.log_command:Invoking command in '/home/antoniofaical/mirage_ws/src/apriltags_pkg': DEBUGINFOD_URLS=https://debuginfod.ubuntu.com PYTHONPATH=/home/antoniofaical/mirage_ws/build/apriltags_pkg/prefix_override:/usr/lib/python3/dist-packages/colcon_core/task/python/colcon_distutils_commands:/home/antoniofaical/mirage_ws/install/apriltags_pkg/lib/python3.12/site-packages:${PYTHONPATH} /usr/bin/python3 -W ignore:setup.py install is deprecated -W ignore:easy_install command is deprecated setup.py egg_info --egg-base ../../build/apriltags_pkg build --build-base /home/antoniofaical/mirage_ws/build/apriltags_pkg/build install --record /home/antoniofaical/mirage_ws/build/apriltags_pkg/install.log --single-version-externally-managed install_data
[0.780s] DEBUG:colcon.colcon_core.event_handler.log_command:Invoking command in '/home/antoniofaical/mirage_ws/src/yolo_pkg': DEBUGINFOD_URLS=https://debuginfod.ubuntu.com PYTHONPATH=/home/antoniofaical/mirage_ws/build/mirage_yolo/prefix_override:/usr/lib/python3/dist-packages/colcon_core/task/python/colcon_distutils_commands:/home/antoniofaical/mirage_ws/install/mirage_yolo/lib/python3.12/site-packages:${PYTHONPATH} /usr/bin/python3 -W ignore:setup.py install is deprecated -W ignore:easy_install command is deprecated setup.py egg_info --egg-base ../../build/mirage_yolo build --build-base /home/antoniofaical/mirage_ws/build/mirage_yolo/build install --record /home/antoniofaical/mirage_ws/build/mirage_yolo/install.log --single-version-externally-managed install_data
[0.815s] DEBUG:colcon.colcon_core.event_handler.log_command:Invoking command in '/home/antoniofaical/mirage_ws/src/movement_test_pkg': DEBUGINFOD_URLS=https://debuginfod.ubuntu.com PYTHONPATH=/home/antoniofaical/mirage_ws/build/movement_test_pkg/prefix_override:/usr/lib/python3/dist-packages/colcon_core/task/python/colcon_distutils_commands:/home/antoniofaical/mirage_ws/install/movement_test_pkg/lib/python3.12/site-packages:${PYTHONPATH} /usr/bin/python3 -W ignore:setup.py install is deprecated -W ignore:easy_install command is deprecated setup.py egg_info --egg-base ../../build/movement_test_pkg build --build-base /home/antoniofaical/mirage_ws/build/movement_test_pkg/build install --record /home/antoniofaical/mirage_ws/build/movement_test_pkg/install.log --single-version-externally-managed install_data
[1.064s] DEBUG:colcon.colcon_core.event_handler.log_command:Invoked command in '/home/antoniofaical/mirage_ws/src/apriltags_pkg' returned '0': DEBUGINFOD_URLS=https://debuginfod.ubuntu.com PYTHONPATH=/home/antoniofaical/mirage_ws/build/apriltags_pkg/prefix_override:/usr/lib/python3/dist-packages/colcon_core/task/python/colcon_distutils_commands:/home/antoniofaical/mirage_ws/install/apriltags_pkg/lib/python3.12/site-packages:${PYTHONPATH} /usr/bin/python3 -W ignore:setup.py install is deprecated -W ignore:easy_install command is deprecated setup.py egg_info --egg-base ../../build/apriltags_pkg build --build-base /home/antoniofaical/mirage_ws/build/apriltags_pkg/build install --record /home/antoniofaical/mirage_ws/build/apriltags_pkg/install.log --single-version-externally-managed install_data
[1.065s] Level 1:colcon.colcon_core.environment:checking '/home/antoniofaical/mirage_ws/install/apriltags_pkg' for CMake module files
[1.065s] Level 1:colcon.colcon_core.environment:checking '/home/antoniofaical/mirage_ws/install/apriltags_pkg' for CMake config files
[1.066s] Level 1:colcon.colcon_core.environment:checking '/home/antoniofaical/mirage_ws/install/apriltags_pkg/lib'
[1.066s] Level 1:colcon.colcon_core.environment:checking '/home/antoniofaical/mirage_ws/install/apriltags_pkg/bin'
[1.066s] Level 1:colcon.colcon_core.environment:checking '/home/antoniofaical/mirage_ws/install/apriltags_pkg/lib/pkgconfig/apriltags_pkg.pc'
[1.066s] Level 1:colcon.colcon_core.environment:checking '/home/antoniofaical/mirage_ws/install/apriltags_pkg/lib/python3.12/site-packages'
[1.066s] Level 1:colcon.colcon_core.shell:create_environment_hook('apriltags_pkg', 'pythonpath')
[1.066s] INFO:colcon.colcon_core.shell:Creating environment hook '/home/antoniofaical/mirage_ws/install/apriltags_pkg/share/apriltags_pkg/hook/pythonpath.ps1'
[1.067s] INFO:colcon.colcon_core.shell:Creating environment descriptor '/home/antoniofaical/mirage_ws/install/apriltags_pkg/share/apriltags_pkg/hook/pythonpath.dsv'
[1.067s] INFO:colcon.colcon_core.shell:Creating environment hook '/home/antoniofaical/mirage_ws/install/apriltags_pkg/share/apriltags_pkg/hook/pythonpath.sh'
[1.067s] Level 1:colcon.colcon_core.environment:checking '/home/antoniofaical/mirage_ws/install/apriltags_pkg/bin'
[1.067s] Level 1:colcon.colcon_core.environment:create_environment_scripts_only(apriltags_pkg)
[1.067s] INFO:colcon.colcon_core.shell:Creating package script '/home/antoniofaical/mirage_ws/install/apriltags_pkg/share/apriltags_pkg/package.ps1'
[1.068s] INFO:colcon.colcon_core.shell:Creating package descriptor '/home/antoniofaical/mirage_ws/install/apriltags_pkg/share/apriltags_pkg/package.dsv'
[1.068s] INFO:colcon.colcon_core.shell:Creating package script '/home/antoniofaical/mirage_ws/install/apriltags_pkg/share/apriltags_pkg/package.sh'
[1.068s] INFO:colcon.colcon_core.shell:Creating package script '/home/antoniofaical/mirage_ws/install/apriltags_pkg/share/apriltags_pkg/package.bash'
[1.069s] INFO:colcon.colcon_core.shell:Creating package script '/home/antoniofaical/mirage_ws/install/apriltags_pkg/share/apriltags_pkg/package.zsh'
[1.069s] Level 1:colcon.colcon_core.environment:create_file_with_runtime_dependencies(/home/antoniofaical/mirage_ws/install/apriltags_pkg/share/colcon-core/packages/apriltags_pkg)
[1.070s] Level 1:colcon.colcon_core.environment:checking '/home/antoniofaical/mirage_ws/install/mirage_yolo' for CMake module files
[1.071s] Level 1:colcon.colcon_core.environment:checking '/home/antoniofaical/mirage_ws/install/mirage_yolo' for CMake config files
[1.071s] DEBUG:colcon.colcon_core.event_handler.log_command:Invoked command in '/home/antoniofaical/mirage_ws/src/yolo_pkg' returned '0': DEBUGINFOD_URLS=https://debuginfod.ubuntu.com PYTHONPATH=/home/antoniofaical/mirage_ws/build/mirage_yolo/prefix_override:/usr/lib/python3/dist-packages/colcon_core/task/python/colcon_distutils_commands:/home/antoniofaical/mirage_ws/install/mirage_yolo/lib/python3.12/site-packages:${PYTHONPATH} /usr/bin/python3 -W ignore:setup.py install is deprecated -W ignore:easy_install command is deprecated setup.py egg_info --egg-base ../../build/mirage_yolo build --build-base /home/antoniofaical/mirage_ws/build/mirage_yolo/build install --record /home/antoniofaical/mirage_ws/build/mirage_yolo/install.log --single-version-externally-managed install_data
[1.072s] Level 1:colcon.colcon_core.environment:checking '/home/antoniofaical/mirage_ws/install/mirage_yolo/lib'
[1.072s] Level 1:colcon.colcon_core.environment:checking '/home/antoniofaical/mirage_ws/install/mirage_yolo/bin'
[1.072s] Level 1:colcon.colcon_core.environment:checking '/home/antoniofaical/mirage_ws/install/mirage_yolo/lib/pkgconfig/mirage_yolo.pc'
[1.072s] Level 1:colcon.colcon_core.environment:checking '/home/antoniofaical/mirage_ws/install/mirage_yolo/lib/python3.12/site-packages'
[1.072s] Level 1:colcon.colcon_core.shell:create_environment_hook('mirage_yolo', 'pythonpath')
[1.072s] INFO:colcon.colcon_core.shell:Creating environment hook '/home/antoniofaical/mirage_ws/install/mirage_yolo/share/mirage_yolo/hook/pythonpath.ps1'
[1.072s] INFO:colcon.colcon_core.shell:Creating environment descriptor '/home/antoniofaical/mirage_ws/install/mirage_yolo/share/mirage_yolo/hook/pythonpath.dsv'
[1.073s] INFO:colcon.colcon_core.shell:Creating environment hook '/home/antoniofaical/mirage_ws/install/mirage_yolo/share/mirage_yolo/hook/pythonpath.sh'
[1.073s] Level 1:colcon.colcon_core.environment:checking '/home/antoniofaical/mirage_ws/install/mirage_yolo/bin'
[1.073s] Level 1:colcon.colcon_core.environment:create_environment_scripts_only(mirage_yolo)
[1.073s] INFO:colcon.colcon_core.shell:Creating package script '/home/antoniofaical/mirage_ws/install/mirage_yolo/share/mirage_yolo/package.ps1'
[1.073s] INFO:colcon.colcon_core.shell:Creating package descriptor '/home/antoniofaical/mirage_ws/install/mirage_yolo/share/mirage_yolo/package.dsv'
[1.074s] INFO:colcon.colcon_core.shell:Creating package script '/home/antoniofaical/mirage_ws/install/mirage_yolo/share/mirage_yolo/package.sh'
[1.074s] INFO:colcon.colcon_core.shell:Creating package script '/home/antoniofaical/mirage_ws/install/mirage_yolo/share/mirage_yolo/package.bash'
[1.074s] INFO:colcon.colcon_core.shell:Creating package script '/home/antoniofaical/mirage_ws/install/mirage_yolo/share/mirage_yolo/package.zsh'
[1.074s] Level 1:colcon.colcon_core.environment:create_file_with_runtime_dependencies(/home/antoniofaical/mirage_ws/install/mirage_yolo/share/colcon-core/packages/mirage_yolo)
[1.112s] Level 1:colcon.colcon_core.environment:checking '/home/antoniofaical/mirage_ws/install/movement_test_pkg' for CMake module files
[1.112s] DEBUG:colcon.colcon_core.event_handler.log_command:Invoked command in '/home/antoniofaical/mirage_ws/src/movement_test_pkg' returned '0': DEBUGINFOD_URLS=https://debuginfod.ubuntu.com PYTHONPATH=/home/antoniofaical/mirage_ws/build/movement_test_pkg/prefix_override:/usr/lib/python3/dist-packages/colcon_core/task/python/colcon_distutils_commands:/home/antoniofaical/mirage_ws/install/movement_test_pkg/lib/python3.12/site-packages:${PYTHONPATH} /usr/bin/python3 -W ignore:setup.py install is deprecated -W ignore:easy_install command is deprecated setup.py egg_info --egg-base ../../build/movement_test_pkg build --build-base /home/antoniofaical/mirage_ws/build/movement_test_pkg/build install --record /home/antoniofaical/mirage_ws/build/movement_test_pkg/install.log --single-version-externally-managed install_data
[1.113s] Level 1:colcon.colcon_core.environment:checking '/home/antoniofaical/mirage_ws/install/movement_test_pkg' for CMake config files
[1.113s] Level 1:colcon.colcon_core.environment:checking '/home/antoniofaical/mirage_ws/install/movement_test_pkg/lib'
[1.113s] Level 1:colcon.colcon_core.environment:checking '/home/antoniofaical/mirage_ws/install/movement_test_pkg/bin'
[1.113s] Level 1:colcon.colcon_core.environment:checking '/home/antoniofaical/mirage_ws/install/movement_test_pkg/lib/pkgconfig/movement_test_pkg.pc'
[1.113s] Level 1:colcon.colcon_core.environment:checking '/home/antoniofaical/mirage_ws/install/movement_test_pkg/lib/python3.12/site-packages'
[1.113s] Level 1:colcon.colcon_core.shell:create_environment_hook('movement_test_pkg', 'pythonpath')
[1.113s] INFO:colcon.colcon_core.shell:Creating environment hook '/home/antoniofaical/mirage_ws/install/movement_test_pkg/share/movement_test_pkg/hook/pythonpath.ps1'
[1.113s] INFO:colcon.colcon_core.shell:Creating environment descriptor '/home/antoniofaical/mirage_ws/install/movement_test_pkg/share/movement_test_pkg/hook/pythonpath.dsv'
[1.114s] INFO:colcon.colcon_core.shell:Creating environment hook '/home/antoniofaical/mirage_ws/install/movement_test_pkg/share/movement_test_pkg/hook/pythonpath.sh'
[1.114s] Level 1:colcon.colcon_core.environment:checking '/home/antoniofaical/mirage_ws/install/movement_test_pkg/bin'
[1.114s] Level 1:colcon.colcon_core.environment:create_environment_scripts_only(movement_test_pkg)
[1.114s] INFO:colcon.colcon_core.shell:Creating package script '/home/antoniofaical/mirage_ws/install/movement_test_pkg/share/movement_test_pkg/package.ps1'
[1.114s] INFO:colcon.colcon_core.shell:Creating package descriptor '/home/antoniofaical/mirage_ws/install/movement_test_pkg/share/movement_test_pkg/package.dsv'
[1.114s] INFO:colcon.colcon_core.shell:Creating package script '/home/antoniofaical/mirage_ws/install/movement_test_pkg/share/movement_test_pkg/package.sh'
[1.114s] INFO:colcon.colcon_core.shell:Creating package script '/home/antoniofaical/mirage_ws/install/movement_test_pkg/share/movement_test_pkg/package.bash'
[1.115s] INFO:colcon.colcon_core.shell:Creating package script '/home/antoniofaical/mirage_ws/install/movement_test_pkg/share/movement_test_pkg/package.zsh'
[1.115s] Level 1:colcon.colcon_core.environment:create_file_with_runtime_dependencies(/home/antoniofaical/mirage_ws/install/movement_test_pkg/share/colcon-core/packages/movement_test_pkg)
[1.115s] DEBUG:colcon.colcon_parallel_executor.executor.parallel:closing loop
[1.115s] DEBUG:colcon.colcon_parallel_executor.executor.parallel:loop closed
[1.115s] DEBUG:colcon.colcon_parallel_executor.executor.parallel:run_until_complete finished with '0'
[1.115s] DEBUG:colcon.colcon_core.event_reactor:joining thread
[1.118s] INFO:colcon.colcon_core.plugin_system:Skipping extension 'colcon_notification.desktop_notification.terminal_notifier': Not used on non-Darwin systems
[1.118s] INFO:colcon.colcon_core.plugin_system:Skipping extension 'colcon_notification.desktop_notification.win32': Not used on non-Windows systems
[1.118s] INFO:colcon.colcon_notification.desktop_notification:Sending desktop notification using 'notify2'
[1.129s] DEBUG:colcon.colcon_core.event_reactor:joined thread
[1.130s] INFO:colcon.colcon_core.shell:Creating prefix script '/home/antoniofaical/mirage_ws/install/local_setup.ps1'
[1.130s] INFO:colcon.colcon_core.shell:Creating prefix util module '/home/antoniofaical/mirage_ws/install/_local_setup_util_ps1.py'
[1.130s] INFO:colcon.colcon_core.shell:Creating prefix chain script '/home/antoniofaical/mirage_ws/install/setup.ps1'
[1.131s] INFO:colcon.colcon_core.shell:Creating prefix script '/home/antoniofaical/mirage_ws/install/local_setup.sh'
[1.131s] INFO:colcon.colcon_core.shell:Creating prefix util module '/home/antoniofaical/mirage_ws/install/_local_setup_util_sh.py'
[1.131s] INFO:colcon.colcon_core.shell:Creating prefix chain script '/home/antoniofaical/mirage_ws/install/setup.sh'
[1.132s] INFO:colcon.colcon_core.shell:Creating prefix script '/home/antoniofaical/mirage_ws/install/local_setup.bash'
[1.132s] INFO:colcon.colcon_core.shell:Creating prefix chain script '/home/antoniofaical/mirage_ws/install/setup.bash'
[1.133s] INFO:colcon.colcon_core.shell:Creating prefix script '/home/antoniofaical/mirage_ws/install/local_setup.zsh'
[1.133s] INFO:colcon.colcon_core.shell:Creating prefix chain script '/home/antoniofaical/mirage_ws/install/setup.zsh'
