[0.654s] Invoking command in '/home/antoniofaical/mirage_ws/src/yolo_pkg': DEBUGINFOD_URLS=https://debuginfod.ubuntu.com PYTHONPATH=/home/antoniofaical/mirage_ws/build/yolo_pkg/prefix_override:/usr/lib/python3/dist-packages/colcon_core/task/python/colcon_distutils_commands:/home/antoniofaical/mirage_ws/install/yolo_pkg/lib/python3.12/site-packages:${PYTHONPATH} /usr/bin/python3 -W ignore:setup.py install is deprecated -W ignore:easy_install command is deprecated setup.py egg_info --egg-base ../../build/yolo_pkg build --build-base /home/antoniofaical/mirage_ws/build/yolo_pkg/build install --record /home/antoniofaical/mirage_ws/build/yolo_pkg/install.log --single-version-externally-managed install_data
[0.808s] running egg_info
[0.819s] writing ../../build/yolo_pkg/yolo_pkg.egg-info/PKG-INFO
[0.819s] writing dependency_links to ../../build/yolo_pkg/yolo_pkg.egg-info/dependency_links.txt
[0.819s] writing entry points to ../../build/yolo_pkg/yolo_pkg.egg-info/entry_points.txt
[0.819s] writing requirements to ../../build/yolo_pkg/yolo_pkg.egg-info/requires.txt
[0.819s] writing top-level names to ../../build/yolo_pkg/yolo_pkg.egg-info/top_level.txt
[0.842s] reading manifest file '../../build/yolo_pkg/yolo_pkg.egg-info/SOURCES.txt'
[0.842s] writing manifest file '../../build/yolo_pkg/yolo_pkg.egg-info/SOURCES.txt'
[0.842s] running build
[0.842s] running build_py
[0.842s] running install
[0.846s] running install_lib
[0.858s] running install_data
[0.858s] running install_egg_info
[0.869s] removing '/home/antoniofaical/mirage_ws/install/yolo_pkg/lib/python3.12/site-packages/yolo_pkg-0.0.0-py3.12.egg-info' (and everything under it)
[0.870s] Copying ../../build/yolo_pkg/yolo_pkg.egg-info to /home/antoniofaical/mirage_ws/install/yolo_pkg/lib/python3.12/site-packages/yolo_pkg-0.0.0-py3.12.egg-info
[0.870s] running install_scripts
[0.943s] Installing camera_node script to /home/antoniofaical/mirage_ws/install/yolo_pkg/lib/yolo_pkg
[0.943s] Installing yolo_listener script to /home/antoniofaical/mirage_ws/install/yolo_pkg/lib/yolo_pkg
[0.943s] Installing yolo_node script to /home/antoniofaical/mirage_ws/install/yolo_pkg/lib/yolo_pkg
[0.943s] Installing yolo_visualizer script to /home/antoniofaical/mirage_ws/install/yolo_pkg/lib/yolo_pkg
[0.943s] writing list of installed files to '/home/antoniofaical/mirage_ws/build/yolo_pkg/install.log'
[0.966s] Invoked command in '/home/antoniofaical/mirage_ws/src/yolo_pkg' returned '0': DEBUGINFOD_URLS=https://debuginfod.ubuntu.com PYTHONPATH=/home/antoniofaical/mirage_ws/build/yolo_pkg/prefix_override:/usr/lib/python3/dist-packages/colcon_core/task/python/colcon_distutils_commands:/home/antoniofaical/mirage_ws/install/yolo_pkg/lib/python3.12/site-packages:${PYTHONPATH} /usr/bin/python3 -W ignore:setup.py install is deprecated -W ignore:easy_install command is deprecated setup.py egg_info --egg-base ../../build/yolo_pkg build --build-base /home/antoniofaical/mirage_ws/build/yolo_pkg/build install --record /home/antoniofaical/mirage_ws/build/yolo_pkg/install.log --single-version-externally-managed install_data
